<?xml version="1.0" encoding="UTF-8"?>
<!-- Generated by org.testng.reporters.JUnitReportReporter -->
<testsuite hostname="DESKTOP-HC6DSE1" failures="0" tests="1" name="com.comcast.crm.org.OrgModuleTest" time="13.154" errors="0" timestamp="2024-07-29T12:48:18 IST" skipped="0">
  <testcase classname="com.comcast.crm.org.OrgModuleTest" name="createOrgTest" time="13.154"/>
  <system-out/>
</testsuite> <!-- com.comcast.crm.org.OrgModuleTest -->
