<?xml version="1.0" encoding="UTF-8"?>
<!-- Generated by org.testng.reporters.JUnitReportReporter -->
<testsuite hostname="DESKTOP-HC6DSE1" failures="0" tests="1" name="com.comcast.crm.contact.ContactModuleTest" time="11.442" errors="0" timestamp="2024-07-29T12:48:18 IST" skipped="0">
  <testcase classname="com.comcast.crm.contact.ContactModuleTest" name="createContactTest" time="11.442"/>
  <system-out/>
</testsuite> <!-- com.comcast.crm.contact.ContactModuleTest -->
