<?xml version="1.0" encoding="UTF-8"?>
<!-- Generated by org.testng.reporters.JUnitReportReporter -->
<testsuite hostname="DESKTOP-HC6DSE1" failures="0" tests="1" name="com.comcast.crm.contact.contacttest" time="0.014" errors="0" timestamp="2024-07-30T15:33:35 IST" skipped="0">
  <testcase classname="com.comcast.crm.contact.contacttest" name="contactTest" time="0.014"/>
  <system-out/>
</testsuite> <!-- com.comcast.crm.contact.contacttest -->
