<?xml version="1.0" encoding="UTF-8"?>
<!-- Generated by org.testng.reporters.JUnitReportReporter -->
<testsuite hostname="DESKTOP-HC6DSE1" failures="0" tests="1" name="P1.B1" time="0.002" errors="0" timestamp="2024-07-30T15:33:35 IST" skipped="0">
  <testcase classname="P1.B1" name="freeTest" time="0.002"/>
  <system-out/>
</testsuite> <!-- P1.B1 -->
